[debug] [2024-06-30T14:38:05.369Z] ----------------------------------------------------------------------
[debug] [2024-06-30T14:38:05.372Z] Command:       C:\Program Files\nodejs\node.exe C:\Users\haj04\AppData\Roaming\npm\node_modules\firebase-tools\lib\bin\firebase.js init
[debug] [2024-06-30T14:38:05.373Z] CLI Version:   13.12.0
[debug] [2024-06-30T14:38:05.373Z] Platform:      win32
[debug] [2024-06-30T14:38:05.373Z] Node Version:  v20.15.0
[debug] [2024-06-30T14:38:05.373Z] Time:          Sun Jun 30 2024 23:38:05 GMT+0900 (Korean Standard Time)
[debug] [2024-06-30T14:38:05.373Z] ----------------------------------------------------------------------
[debug] 
[debug] [2024-06-30T14:38:05.450Z] > command requires scopes: ["email","openid","https://www.googleapis.com/auth/cloudplatformprojects.readonly","https://www.googleapis.com/auth/firebase","https://www.googleapis.com/auth/cloud-platform"]
[debug] [2024-06-30T14:38:05.451Z] > authorizing via signed-in user (haj0404@gmail.com)
[info] 
     ######## #### ########  ######## ########     ###     ######  ########
     ##        ##  ##     ## ##       ##     ##  ##   ##  ##       ##
     ######    ##  ########  ######   ########  #########  ######  ######
     ##        ##  ##    ##  ##       ##     ## ##     ##       ## ##
     ##       #### ##     ## ######## ########  ##     ##  ######  ########

You're about to initialize a Firebase project in this directory:

  C:\Users\haj04\OneDrive\바탕 화면\NUS\NUS KS ID\nuskusa

Before we get started, keep in mind:

  * You are initializing within an existing Firebase project directory

[info] 
=== Project Setup
[info] 
[info] First, let's associate this project directory with a Firebase project.
[info] You can create multiple project aliases by running firebase use --add, 
[info] but for now we'll just set up a default project.
[info] 
[debug] [2024-06-30T14:38:12.240Z] Using project from CLI flag: nuskusa-90cf7
[debug] [2024-06-30T14:38:12.243Z] >>> [apiv2][query] GET https://firebase.googleapis.com/v1beta1/projects/nuskusa-90cf7 [none]
[debug] [2024-06-30T14:38:12.772Z] <<< [apiv2][status] GET https://firebase.googleapis.com/v1beta1/projects/nuskusa-90cf7 403
[debug] [2024-06-30T14:38:12.772Z] <<< [apiv2][body] GET https://firebase.googleapis.com/v1beta1/projects/nuskusa-90cf7 {"error":{"code":403,"message":"The caller does not have permission","status":"PERMISSION_DENIED"}}
[debug] [2024-06-30T14:38:12.773Z] HTTP Error: 403, The caller does not have permission
[debug] [2024-06-30T14:38:12.774Z] FirebaseError: HTTP Error: 403, The caller does not have permission
    at responseToError (C:\Users\haj04\AppData\Roaming\npm\node_modules\firebase-tools\lib\responseToError.js:49:12)
    at RetryOperation._fn (C:\Users\haj04\AppData\Roaming\npm\node_modules\firebase-tools\lib\apiv2.js:305:77)
    at process.processTicksAndRejections (node:internal/process/task_queues:95:5)
[error] 
[error] Error: Failed to get Firebase project nuskusa-90cf7. Please make sure the project exists and your account has permission to access it.
[debug] [2024-06-30T14:39:10.963Z] ----------------------------------------------------------------------
[debug] [2024-06-30T14:39:10.966Z] Command:       C:\Program Files\nodejs\node.exe C:\Users\haj04\AppData\Roaming\npm\node_modules\firebase-tools\lib\bin\firebase.js use --add
[debug] [2024-06-30T14:39:10.967Z] CLI Version:   13.12.0
[debug] [2024-06-30T14:39:10.967Z] Platform:      win32
[debug] [2024-06-30T14:39:10.967Z] Node Version:  v20.15.0
[debug] [2024-06-30T14:39:10.967Z] Time:          Sun Jun 30 2024 23:39:10 GMT+0900 (Korean Standard Time)
[debug] [2024-06-30T14:39:10.967Z] ----------------------------------------------------------------------
[debug] 
[debug] [2024-06-30T14:39:11.046Z] > command requires scopes: ["email","openid","https://www.googleapis.com/auth/cloudplatformprojects.readonly","https://www.googleapis.com/auth/firebase","https://www.googleapis.com/auth/cloud-platform"]
[debug] [2024-06-30T14:39:11.047Z] > authorizing via signed-in user (haj0404@gmail.com)
[debug] [2024-06-30T14:39:11.050Z] >>> [apiv2][query] GET https://firebase.googleapis.com/v1beta1/projects pageSize=1000
[debug] [2024-06-30T14:39:11.734Z] <<< [apiv2][status] GET https://firebase.googleapis.com/v1beta1/projects 200
[debug] [2024-06-30T14:39:11.734Z] <<< [apiv2][body] GET https://firebase.googleapis.com/v1beta1/projects [omitted]
[debug] [2024-06-30T14:39:19.511Z] TypeError: Cannot read properties of undefined (reading 'value')
    at ListPrompt.getCurrentValue (C:\Users\haj04\AppData\Roaming\npm\node_modules\firebase-tools\node_modules\inquirer\lib\prompts\list.js:145:53)
    at C:\Users\haj04\AppData\Roaming\npm\node_modules\firebase-tools\node_modules\rxjs\dist\cjs\internal\operators\map.js:10:37
    at OperatorSubscriber._this._next (C:\Users\haj04\AppData\Roaming\npm\node_modules\firebase-tools\node_modules\rxjs\dist\cjs\internal\operators\OperatorSubscriber.js:33:21)
    at Subscriber.next (C:\Users\haj04\AppData\Roaming\npm\node_modules\firebase-tools\node_modules\rxjs\dist\cjs\internal\Subscriber.js:51:18)
    at C:\Users\haj04\AppData\Roaming\npm\node_modules\firebase-tools\node_modules\rxjs\dist\cjs\internal\operators\take.js:15:32
    at OperatorSubscriber._this._next (C:\Users\haj04\AppData\Roaming\npm\node_modules\firebase-tools\node_modules\rxjs\dist\cjs\internal\operators\OperatorSubscriber.js:33:21)
    at Subscriber.next (C:\Users\haj04\AppData\Roaming\npm\node_modules\firebase-tools\node_modules\rxjs\dist\cjs\internal\Subscriber.js:51:18)
    at Interface.handler (C:\Users\haj04\AppData\Roaming\npm\node_modules\firebase-tools\node_modules\rxjs\dist\cjs\internal\observable\fromEvent.js:59:31)
    at Interface.emit (node:events:531:35)
    at Interface.emit (node:domain:488:12)
[error] 
[error] Error: An unexpected error has occurred.
